# JRE version: OpenJDK Runtime Environment (17.0.6) (build 17.0.6+0-b2043.56-10027231)
# Java VM: OpenJDK 64-Bit Server VM (17.0.6+0-b2043.56-10027231, mixed mode, tiered, compressed oops, compressed class ptrs, g1 gc, windows-amd64)
GC Precious Log:
 CPUs: 16 total, 16 available
 Memory: 5989M
 Large Page Support: Disabled
 NUMA Support: Disabled
 Compressed Oops: Enabled (32-bit)
 Heap Region Size: 1M
 Heap Min Capacity: 8M
 Heap Initial Capacity: 94M
 Heap Max Capacity: 1536M
 Pre-touch: Disabled
 Parallel Workers: 13
 Concurrent Workers: 3
 Concurrent Refinement Workers: 13
 Periodic GC: Disabled
Heap:
 garbage-first heap   total 211968K, used 123274K [0x00000000a0000000, 0x0000000100000000)
  region size 1024K, 3 young (3072K), 3 survivors (3072K)
 Metaspace       used 87272K, committed 87936K, reserved 1130496K
  class space    used 11651K, committed 11968K, reserved 1048576K
GC Heap History (20 events):
Event: 19.583 GC heap after
{Heap after GC invocations=28 (full 0):
 garbage-first heap   total 156672K, used 79424K [0x00000000a0000000, 0x0000000100000000)
  region size 1024K, 2 young (2048K), 2 survivors (2048K)
 Metaspace       used 55701K, committed 56256K, reserved 1097728K
  class space    used 7426K, committed 7680K, reserved 1048576K
}
Event: 20.478 GC heap before
{Heap before GC invocations=28 (full 0):
 garbage-first heap   total 156672K, used 122432K [0x00000000a0000000, 0x0000000100000000)
  region size 1024K, 44 young (45056K), 2 survivors (2048K)
 Metaspace       used 63995K, committed 64512K, reserved 1105920K
  class space    used 8428K, committed 8640K, reserved 1048576K
}
Event: 20.482 GC heap after
{Heap after GC invocations=29 (full 0):
 garbage-first heap   total 156672K, used 81662K [0x00000000a0000000, 0x0000000100000000)
  region size 1024K, 4 young (4096K), 4 survivors (4096K)
 Metaspace       used 63995K, committed 64512K, reserved 1105920K
  class space    used 8428K, committed 8640K, reserved 1048576K
}
Event: 20.913 GC heap before
{Heap before GC invocations=30 (full 0):
 garbage-first heap   total 156672K, used 115454K [0x00000000a0000000, 0x0000000100000000)
  region size 1024K, 39 young (39936K), 4 survivors (4096K)
 Metaspace       used 68043K, committed 68608K, reserved 1114112K
  class space    used 8957K, committed 9216K, reserved 1048576K
}
Event: 20.920 GC heap after
{Heap after GC invocations=31 (full 0):
 garbage-first heap   total 156672K, used 84925K [0x00000000a0000000, 0x0000000100000000)
  region size 1024K, 6 young (6144K), 6 survivors (6144K)
 Metaspace       used 68043K, committed 68608K, reserved 1114112K
  class space    used 8957K, committed 9216K, reserved 1048576K
}
Event: 21.385 GC heap before
{Heap before GC invocations=32 (full 0):
 garbage-first heap   total 156672K, used 125885K [0x00000000a0000000, 0x0000000100000000)
  region size 1024K, 45 young (46080K), 6 survivors (6144K)
 Metaspace       used 72197K, committed 72768K, reserved 1114112K
  class space    used 9531K, committed 9792K, reserved 1048576K
}
Event: 21.393 GC heap after
{Heap after GC invocations=33 (full 0):
 garbage-first heap   total 156672K, used 88844K [0x00000000a0000000, 0x0000000100000000)
  region size 1024K, 5 young (5120K), 5 survivors (5120K)
 Metaspace       used 72197K, committed 72768K, reserved 1114112K
  class space    used 9531K, committed 9792K, reserved 1048576K
}
Event: 21.852 GC heap before
{Heap before GC invocations=33 (full 0):
 garbage-first heap   total 156672K, used 125708K [0x00000000a0000000, 0x0000000100000000)
  region size 1024K, 41 young (41984K), 5 survivors (5120K)
 Metaspace       used 76158K, committed 76800K, reserved 1122304K
  class space    used 10135K, committed 10432K, reserved 1048576K
}
Event: 21.858 GC heap after
{Heap after GC invocations=34 (full 0):
 garbage-first heap   total 156672K, used 91167K [0x00000000a0000000, 0x0000000100000000)
  region size 1024K, 3 young (3072K), 3 survivors (3072K)
 Metaspace       used 76158K, committed 76800K, reserved 1122304K
  class space    used 10135K, committed 10432K, reserved 1048576K
}
Event: 22.184 GC heap before
{Heap before GC invocations=35 (full 0):
 garbage-first heap   total 165888K, used 111647K [0x00000000a0000000, 0x0000000100000000)
  region size 1024K, 24 young (24576K), 3 survivors (3072K)
 Metaspace       used 77794K, committed 78464K, reserved 1122304K
  class space    used 10408K, committed 10688K, reserved 1048576K
}
Event: 22.189 GC heap after
{Heap after GC invocations=36 (full 0):
 garbage-first heap   total 165888K, used 92462K [0x00000000a0000000, 0x0000000100000000)
  region size 1024K, 4 young (4096K), 4 survivors (4096K)
 Metaspace       used 77794K, committed 78464K, reserved 1122304K
  class space    used 10408K, committed 10688K, reserved 1048576K
}
Event: 22.244 GC heap before
{Heap before GC invocations=37 (full 0):
 garbage-first heap   total 167936K, used 101678K [0x00000000a0000000, 0x0000000100000000)
  region size 1024K, 7 young (7168K), 4 survivors (4096K)
 Metaspace       used 77794K, committed 78464K, reserved 1122304K
  class space    used 10408K, committed 10688K, reserved 1048576K
}
Event: 22.249 GC heap after
{Heap after GC invocations=38 (full 0):
 garbage-first heap   total 167936K, used 103353K [0x00000000a0000000, 0x0000000100000000)
  region size 1024K, 5 young (5120K), 5 survivors (5120K)
 Metaspace       used 77794K, committed 78464K, reserved 1122304K
  class space    used 10408K, committed 10688K, reserved 1048576K
}
Event: 22.749 GC heap before
{Heap before GC invocations=39 (full 0):
 garbage-first heap   total 201728K, used 137145K [0x00000000a0000000, 0x0000000100000000)
  region size 1024K, 25 young (25600K), 5 survivors (5120K)
 Metaspace       used 80410K, committed 81088K, reserved 1122304K
  class space    used 10799K, committed 11136K, reserved 1048576K
}
Event: 22.754 GC heap after
{Heap after GC invocations=40 (full 0):
 garbage-first heap   total 201728K, used 120137K [0x00000000a0000000, 0x0000000100000000)
  region size 1024K, 4 young (4096K), 4 survivors (4096K)
 Metaspace       used 80410K, committed 81088K, reserved 1122304K
  class space    used 10799K, committed 11136K, reserved 1048576K
}
Event: 22.914 GC heap before
{Heap before GC invocations=40 (full 0):
 garbage-first heap   total 201728K, used 125257K [0x00000000a0000000, 0x0000000100000000)
  region size 1024K, 9 young (9216K), 4 survivors (4096K)
 Metaspace       used 80706K, committed 81408K, reserved 1122304K
  class space    used 10839K, committed 11200K, reserved 1048576K
}
Event: 22.918 GC heap after
{Heap after GC invocations=41 (full 0):
 garbage-first heap   total 201728K, used 120612K [0x00000000a0000000, 0x0000000100000000)
  region size 1024K, 1 young (1024K), 1 survivors (1024K)
 Metaspace       used 80706K, committed 81408K, reserved 1122304K
  class space    used 10839K, committed 11200K, reserved 1048576K
}
Event: 23.352 GC heap before
{Heap before GC invocations=41 (full 0):
 garbage-first heap   total 201728K, used 144164K [0x00000000a0000000, 0x0000000100000000)
  region size 1024K, 26 young (26624K), 1 survivors (1024K)
 Metaspace       used 81872K, committed 82624K, reserved 1122304K
  class space    used 10982K, committed 11328K, reserved 1048576K
}
Event: 23.357 GC heap after
{Heap after GC invocations=42 (full 0):
 garbage-first heap   total 201728K, used 122265K [0x00000000a0000000, 0x0000000100000000)
  region size 1024K, 3 young (3072K), 3 survivors (3072K)
 Metaspace       used 81872K, committed 82624K, reserved 1122304K
  class space    used 10982K, committed 11328K, reserved 1048576K
}
Event: 23.995 GC heap before
{Heap before GC invocations=43 (full 0):
 garbage-first heap   total 211968K, used 151961K [0x00000000a0000000, 0x0000000100000000)
  region size 1024K, 31 young (31744K), 3 survivors (3072K)
 Metaspace       used 87272K, committed 87936K, reserved 1130496K
  class space    used 11651K, committed 11968K, reserved 1048576K
}

